<?xml version="1.0" encoding="UTF-8"?>
<!-- Generated by org.testng.reporters.JUnitReportReporter -->
<testsuite hostname="Deepak-PC" name="org.deep.testng.Daraz" tests="1" failures="0" timestamp="3 Dec 2019 13:58:12 GMT" time="2.711" errors="0">
  <testcase name="tc1" time="2.711" classname="org.deep.testng.Daraz"/>
</testsuite> <!-- org.deep.testng.Daraz -->
